<?xml version="1.0" encoding="UTF-8"?>
<!-- Generated by org.testng.reporters.JUnitXMLReporter -->
<testsuite ignored="2" hostname="DESKTOP-CPG5TUI" failures="1" tests="9" name="Default test" time="294.978" errors="0" timestamp="2023-09-11T19:30:07 IST">
  <testcase classname="com.providio.testcases.tc__LoginSc" name="openBrowserandClickSignInButton" time="9.585"/>
  <testcase classname="com.providio.testcases.tc__LoginSc" name="verifyLoginFailureWithEmptyEmail" time="26.5"/>
  <testcase classname="com.providio.testcases.tc__LoginSc" name="verifyLoginFailureWithEmptyEmailAndPassword" time="24.414"/>
  <testcase classname="com.providio.testcases.tc__LoginSc" name="verifyLoginFailureWithEmptyPassword" time="21.335"/>
  <testcase classname="com.providio.testcases.tc__LoginSc" name="verifyLoginFailureWithIncorrectCredentials" time="21.5"/>
  <testcase classname="com.providio.testcases.tc__LoginSc" name="verifyLoginFailureWithIncorrectPassword" time="19.937"/>
  <testcase classname="com.providio.testcases.tc__LoginSc" name="verifyLoginFailureWithInvalidEmailFormat" time="21.37"/>
  <testcase classname="com.providio.testcases.tc__LoginSc" name="verifySuccessfulLogin" time="21.406"/>
  <testcase classname="com.RegUserWith_CreditCard.tc__PickUpStore_Guest_Checkout_Paypal" name="paypalFromCheckoutPage" time="107.527">
    <failure type="org.openqa.selenium.UnhandledAlertException" message="unexpected alert open: {Alert text : You cannot provide a new payment method to a PaymentIntent when it has a status of requires_capture. You should either capture the remaining funds, or cancel this PaymentIntent and try again with a new PaymentIntent.}
  (Session info: chrome=116.0.5845.179): You cannot provide a new payment method to a PaymentIntent when it has a status of requires_capture. You should either capture the remaining funds, or cancel this PaymentIntent and try again with a new PaymentIntent.
Build info: version: &amp;apos;4.10.0&amp;apos;, revision: &amp;apos;c14d967899&amp;apos;
System info: os.name: &amp;apos;Windows 10&amp;apos;, os.arch: &amp;apos;amd64&amp;apos;, os.version: &amp;apos;10.0&amp;apos;, java.version: &amp;apos;17.0.2&amp;apos;
Driver info: org.openqa.selenium.chrome.ChromeDriver
Command: [ef2fba4ac5b799c7b6583767a58b7a87, findElements {using=xpath, value=//h2[@class =&amp;apos;order-thank-you-msg&amp;apos;]}]
Capabilities {acceptInsecureCerts: false, browserName: chrome, browserVersion: 116.0.5845.179, chrome: {chromedriverVersion: 116.0.5845.96 (1a3918166880..., userDataDir: C:\Users\user\AppData\Local...}, fedcm:accounts: true, goog:chromeOptions: {debuggerAddress: localhost:65073}, networkConnectionEnabled: false, pageLoadStrategy: normal, platformName: windows, proxy: Proxy(), se:cdp: ws://localhost:65073/devtoo..., se:cdpVersion: 116.0.5845.179, setWindowRect: true, strictFileInteractability: false, timeouts: {implicit: 0, pageLoad: 300000, script: 30000}, unhandledPromptBehavior: dismiss and notify, webauthn:extension:credBlob: true, webauthn:extension:largeBlob: true, webauthn:extension:minPinLength: true, webauthn:extension:prf: true, webauthn:virtualAuthenticators: true}
Session ID: ef2fba4ac5b799c7b6583767a58b7a87">
      <![CDATA[org.openqa.selenium.UnhandledAlertException: unexpected alert open: {Alert text : You cannot provide a new payment method to a PaymentIntent when it has a status of requires_capture. You should either capture the remaining funds, or cancel this PaymentIntent and try again with a new PaymentIntent.}
  (Session info: chrome=116.0.5845.179): You cannot provide a new payment method to a PaymentIntent when it has a status of requires_capture. You should either capture the remaining funds, or cancel this PaymentIntent and try again with a new PaymentIntent.
Build info: version: '4.10.0', revision: 'c14d967899'
System info: os.name: 'Windows 10', os.arch: 'amd64', os.version: '10.0', java.version: '17.0.2'
Driver info: org.openqa.selenium.chrome.ChromeDriver
Command: [ef2fba4ac5b799c7b6583767a58b7a87, findElements {using=xpath, value=//h2[@class ='order-thank-you-msg']}]
Capabilities {acceptInsecureCerts: false, browserName: chrome, browserVersion: 116.0.5845.179, chrome: {chromedriverVersion: 116.0.5845.96 (1a3918166880..., userDataDir: C:\Users\user\AppData\Local...}, fedcm:accounts: true, goog:chromeOptions: {debuggerAddress: localhost:65073}, networkConnectionEnabled: false, pageLoadStrategy: normal, platformName: windows, proxy: Proxy(), se:cdp: ws://localhost:65073/devtoo..., se:cdpVersion: 116.0.5845.179, setWindowRect: true, strictFileInteractability: false, timeouts: {implicit: 0, pageLoad: 300000, script: 30000}, unhandledPromptBehavior: dismiss and notify, webauthn:extension:credBlob: true, webauthn:extension:largeBlob: true, webauthn:extension:minPinLength: true, webauthn:extension:prf: true, webauthn:virtualAuthenticators: true}
Session ID: ef2fba4ac5b799c7b6583767a58b7a87
at org.openqa.selenium.remote.codec.w3c.W3CHttpResponseCodec.decode(W3CHttpResponseCodec.java:130)
at org.openqa.selenium.remote.codec.w3c.W3CHttpResponseCodec.decode(W3CHttpResponseCodec.java:51)
at org.openqa.selenium.remote.HttpCommandExecutor.execute(HttpCommandExecutor.java:191)
at org.openqa.selenium.remote.service.DriverCommandExecutor.invokeExecute(DriverCommandExecutor.java:196)
at org.openqa.selenium.remote.service.DriverCommandExecutor.execute(DriverCommandExecutor.java:171)
at org.openqa.selenium.remote.RemoteWebDriver.execute(RemoteWebDriver.java:531)
at org.openqa.selenium.remote.ElementLocation$ElementFinder$2.findElements(ElementLocation.java:182)
at org.openqa.selenium.remote.ElementLocation.findElements(ElementLocation.java:103)
at org.openqa.selenium.remote.RemoteWebDriver.findElements(RemoteWebDriver.java:363)
at org.openqa.selenium.remote.RemoteWebDriver.findElements(RemoteWebDriver.java:357)
at com.providio.Validations.Checkout_Validation.validatePlacetheOrderPage(Checkout_Validation.java:166)
at com.providio.paymentProccess.tc__CreditCardPaymentProcess.paymentByCreditCard(tc__CreditCardPaymentProcess.java:165)
at com.RegUserWith_CreditCard.tc__PickUpStore_Guest_Checkout_Paypal.paypalFromCheckoutPage(tc__PickUpStore_Guest_Checkout_Paypal.java:71)
at java.base/jdk.internal.reflect.NativeMethodAccessorImpl.invoke0(Native Method)
at java.base/jdk.internal.reflect.NativeMethodAccessorImpl.invoke(NativeMethodAccessorImpl.java:77)
at java.base/jdk.internal.reflect.DelegatingMethodAccessorImpl.invoke(DelegatingMethodAccessorImpl.java:43)
at java.base/java.lang.reflect.Method.invoke(Method.java:568)
at org.testng.internal.invokers.MethodInvocationHelper.invokeMethod(MethodInvocationHelper.java:139)
at org.testng.internal.invokers.TestInvoker.invokeMethod(TestInvoker.java:677)
at org.testng.internal.invokers.TestInvoker.invokeTestMethod(TestInvoker.java:221)
at org.testng.internal.invokers.MethodRunner.runInSequence(MethodRunner.java:50)
at org.testng.internal.invokers.TestInvoker$MethodInvocationAgent.invoke(TestInvoker.java:969)
at org.testng.internal.invokers.TestInvoker.invokeTestMethods(TestInvoker.java:194)
at org.testng.internal.invokers.TestMethodWorker.invokeTestMethods(TestMethodWorker.java:148)
at org.testng.internal.invokers.TestMethodWorker.run(TestMethodWorker.java:128)
at java.base/java.util.ArrayList.forEach(ArrayList.java:1511)
at org.testng.TestRunner.privateRun(TestRunner.java:829)
at org.testng.TestRunner.run(TestRunner.java:602)
at org.testng.SuiteRunner.runTest(SuiteRunner.java:437)
at org.testng.SuiteRunner.runSequentially(SuiteRunner.java:431)
at org.testng.SuiteRunner.privateRun(SuiteRunner.java:391)
at org.testng.SuiteRunner.run(SuiteRunner.java:330)
at org.testng.SuiteRunnerWorker.runSuite(SuiteRunnerWorker.java:52)
at org.testng.SuiteRunnerWorker.run(SuiteRunnerWorker.java:95)
at org.testng.TestNG.runSuitesSequentially(TestNG.java:1256)
at org.testng.TestNG.runSuitesLocally(TestNG.java:1176)
at org.testng.TestNG.runSuites(TestNG.java:1099)
at org.testng.TestNG.run(TestNG.java:1067)
at org.testng.remote.AbstractRemoteTestNG.run(AbstractRemoteTestNG.java:115)
at org.testng.remote.RemoteTestNG.initAndRun(RemoteTestNG.java:251)
at org.testng.remote.RemoteTestNG.main(RemoteTestNG.java:77)
]]>
    </failure>
  </testcase> <!-- paypalFromCheckoutPage -->
  <testcase classname="com.providio.testcases.baseClass" name="@BeforeSuite setUpforReport" time="0.0">
    <ignored/>
  </testcase> <!-- @BeforeSuite setUpforReport -->
  <testcase classname="com.providio.testcases.baseClass" name="@AfterSuite tearDown" time="0.0">
    <ignored/>
  </testcase> <!-- @AfterSuite tearDown -->
</testsuite> <!-- Default test -->
