<?xml version="1.0" encoding="UTF-8"?>
<testng-results ignored="0" total="1" passed="1" failed="0" skipped="0">
  <reporter-output>
  </reporter-output>
  <suite started-at="2023-09-08T14:55:42 IST" name="Default suite" finished-at="2023-09-08T14:58:24 IST" duration-ms="161763">
    <groups>
    </groups>
    <test started-at="2023-09-08T14:55:42 IST" name="Default test" finished-at="2023-09-08T14:58:24 IST" duration-ms="161763">
      <class name="com.GuestUserWith_CreditCard.tc__BySearchingProduct_GuestUser_InCC">
        <test-method is-config="true" signature="setUpforReport()[pri:0, instance:com.GuestUserWith_CreditCard.tc__BySearchingProduct_GuestUser_InCC@72a2312e]" started-at="2023-09-08T14:55:39 IST" name="setUpforReport" finished-at="2023-09-08T14:55:42 IST" duration-ms="2613" status="PASS">
          <reporter-output>
          </reporter-output>
        </test-method> <!-- setUpforReport -->
        <test-method is-config="true" signature="setUp()[pri:0, instance:com.GuestUserWith_CreditCard.tc__BySearchingProduct_GuestUser_InCC@72a2312e]" started-at="2023-09-08T14:55:42 IST" name="setUp" finished-at="2023-09-08T14:55:44 IST" duration-ms="2103" status="PASS">
          <reporter-output>
          </reporter-output>
        </test-method> <!-- setUp -->
        <test-method signature="bySearchingProduct()[pri:0, instance:com.GuestUserWith_CreditCard.tc__BySearchingProduct_GuestUser_InCC@72a2312e]" started-at="2023-09-08T14:55:44 IST" name="bySearchingProduct" finished-at="2023-09-08T14:58:24 IST" duration-ms="159583" status="PASS">
          <reporter-output>
          </reporter-output>
        </test-method> <!-- bySearchingProduct -->
        <test-method is-config="true" signature="afterMethod(org.testng.ITestResult)[pri:0, instance:com.GuestUserWith_CreditCard.tc__BySearchingProduct_GuestUser_InCC@72a2312e]" started-at="2023-09-08T14:58:24 IST" name="afterMethod" finished-at="2023-09-08T14:58:24 IST" duration-ms="11" status="PASS">
          <params>
            <param index="0">
              <value>
                <![CDATA[[TestResult name=bySearchingProduct status=SUCCESS method=tc__BySearchingProduct_GuestUser_InCC.bySearchingProduct()[pri:0, instance:com.GuestUserWith_CreditCard.tc__BySearchingProduct_GuestUser_InCC@72a2312e] output={null}]]]>
              </value>
            </param>
          </params>
          <reporter-output>
          </reporter-output>
        </test-method> <!-- afterMethod -->
        <test-method is-config="true" signature="tearDown()[pri:0, instance:com.GuestUserWith_CreditCard.tc__BySearchingProduct_GuestUser_InCC@72a2312e]" started-at="2023-09-08T14:58:24 IST" name="tearDown" finished-at="2023-09-08T14:58:34 IST" duration-ms="10503" status="PASS">
          <reporter-output>
          </reporter-output>
        </test-method> <!-- tearDown -->
      </class> <!-- com.GuestUserWith_CreditCard.tc__BySearchingProduct_GuestUser_InCC -->
    </test> <!-- Default test -->
  </suite> <!-- Default suite -->
</testng-results>
