<?xml version="1.0" encoding="UTF-8"?>
<testng-results ignored="0" total="1" passed="1" failed="0" skipped="0">
  <reporter-output>
  </reporter-output>
  <suite started-at="2023-09-08T16:05:48 IST" name="Default suite" finished-at="2023-09-08T16:06:50 IST" duration-ms="62041">
    <groups>
    </groups>
    <test started-at="2023-09-08T16:05:48 IST" name="Default test" finished-at="2023-09-08T16:06:50 IST" duration-ms="62041">
      <class name="com.GuestUserWith_Minicart_Paypal.tc__PickUpStore_Guest_InMC_Paypal">
        <test-method is-config="true" signature="setUpforReport()[pri:0, instance:com.GuestUserWith_Minicart_Paypal.tc__PickUpStore_Guest_InMC_Paypal@1ddc6db2]" started-at="2023-09-08T16:05:45 IST" name="setUpforReport" finished-at="2023-09-08T16:05:48 IST" duration-ms="2931" status="PASS">
          <reporter-output>
          </reporter-output>
        </test-method> <!-- setUpforReport -->
        <test-method is-config="true" signature="setUp()[pri:0, instance:com.GuestUserWith_Minicart_Paypal.tc__PickUpStore_Guest_InMC_Paypal@1ddc6db2]" started-at="2023-09-08T16:05:48 IST" name="setUp" finished-at="2023-09-08T16:05:50 IST" duration-ms="2068" status="PASS">
          <reporter-output>
          </reporter-output>
        </test-method> <!-- setUp -->
        <test-method signature="paypalFromCheckoutPage()[pri:0, instance:com.GuestUserWith_Minicart_Paypal.tc__PickUpStore_Guest_InMC_Paypal@1ddc6db2]" started-at="2023-09-08T16:05:50 IST" name="paypalFromCheckoutPage" finished-at="2023-09-08T16:06:50 IST" duration-ms="59905" status="PASS">
          <reporter-output>
          </reporter-output>
        </test-method> <!-- paypalFromCheckoutPage -->
        <test-method is-config="true" signature="afterMethod(org.testng.ITestResult)[pri:0, instance:com.GuestUserWith_Minicart_Paypal.tc__PickUpStore_Guest_InMC_Paypal@1ddc6db2]" started-at="2023-09-08T16:06:50 IST" name="afterMethod" finished-at="2023-09-08T16:06:50 IST" duration-ms="16" status="PASS">
          <params>
            <param index="0">
              <value>
                <![CDATA[[TestResult name=paypalFromCheckoutPage status=SUCCESS method=tc__PickUpStore_Guest_InMC_Paypal.paypalFromCheckoutPage()[pri:0, instance:com.GuestUserWith_Minicart_Paypal.tc__PickUpStore_Guest_InMC_Paypal@1ddc6db2] output={null}]]]>
              </value>
            </param>
          </params>
          <reporter-output>
          </reporter-output>
        </test-method> <!-- afterMethod -->
        <test-method is-config="true" signature="tearDown()[pri:0, instance:com.GuestUserWith_Minicart_Paypal.tc__PickUpStore_Guest_InMC_Paypal@1ddc6db2]" started-at="2023-09-08T16:06:50 IST" name="tearDown" finished-at="2023-09-08T16:07:02 IST" duration-ms="11317" status="PASS">
          <reporter-output>
          </reporter-output>
        </test-method> <!-- tearDown -->
      </class> <!-- com.GuestUserWith_Minicart_Paypal.tc__PickUpStore_Guest_InMC_Paypal -->
    </test> <!-- Default test -->
  </suite> <!-- Default suite -->
</testng-results>
