<?xml version="1.0" encoding="UTF-8"?>
<testng-results ignored="30" total="54" passed="15" failed="8" skipped="1">
  <reporter-output>
  </reporter-output>
  <suite started-at="2023-08-24T13:06:07 IST" name="ProvidioTestcases" finished-at="2023-08-24T13:42:29 IST" duration-ms="2182361">
    <groups>
    </groups>
    <test started-at="2023-08-24T13:06:07 IST" name="Automation" finished-at="2023-08-24T13:42:29 IST" duration-ms="2182361">
      <class name="com.providio.payments.tc__PaymentProccessByGCandCC_GuestUser">
        <test-method is-config="true" signature="setUp()[pri:0, instance:com.providio.payments.tc__PaymentProccessByGCandCC_GuestUser@4a35f473]" started-at="2023-08-24T13:19:58 IST" name="setUp" finished-at="2023-08-24T13:20:00 IST" duration-ms="2006" status="PASS">
          <reporter-output>
          </reporter-output>
        </test-method> <!-- setUp -->
        <test-method signature="paypalFromCheckoutPage()[pri:0, instance:com.providio.payments.tc__PaymentProccessByGCandCC_GuestUser@4a35f473]" started-at="2023-08-24T13:20:00 IST" name="paypalFromCheckoutPage" finished-at="2023-08-24T13:27:37 IST" duration-ms="457535" status="PASS">
          <reporter-output>
          </reporter-output>
        </test-method> <!-- paypalFromCheckoutPage -->
        <test-method is-config="true" signature="afterMethod(org.testng.ITestResult)[pri:0, instance:com.providio.payments.tc__PaymentProccessByGCandCC_GuestUser@4a35f473]" started-at="2023-08-24T13:27:37 IST" name="afterMethod" finished-at="2023-08-24T13:27:37 IST" duration-ms="9" status="PASS">
          <params>
            <param index="0">
              <value>
                <![CDATA[[TestResult name=paypalFromCheckoutPage status=SUCCESS method=tc__PaymentProccessByGCandCC_GuestUser.paypalFromCheckoutPage()[pri:0, instance:com.providio.payments.tc__PaymentProccessByGCandCC_GuestUser@4a35f473] output={null}]]]>
              </value>
            </param>
          </params>
          <reporter-output>
          </reporter-output>
        </test-method> <!-- afterMethod -->
      </class> <!-- com.providio.payments.tc__PaymentProccessByGCandCC_GuestUser -->
      <class name="com.providio.payments.tc__PaypalFromViewCartPage_GuestUser">
        <test-method is-config="true" signature="setUp()[pri:0, instance:com.providio.payments.tc__PaypalFromViewCartPage_GuestUser@19739906]" started-at="2023-08-24T13:12:57 IST" name="setUp" finished-at="2023-08-24T13:12:59 IST" duration-ms="2201" status="PASS">
          <reporter-output>
          </reporter-output>
        </test-method> <!-- setUp -->
        <test-method signature="paypalFromViewCartPage()[pri:0, instance:com.providio.payments.tc__PaypalFromViewCartPage_GuestUser@19739906]" started-at="2023-08-24T13:12:59 IST" name="paypalFromViewCartPage" finished-at="2023-08-24T13:14:50 IST" duration-ms="111060" status="PASS">
          <reporter-output>
          </reporter-output>
        </test-method> <!-- paypalFromViewCartPage -->
        <test-method is-config="true" signature="afterMethod(org.testng.ITestResult)[pri:0, instance:com.providio.payments.tc__PaypalFromViewCartPage_GuestUser@19739906]" started-at="2023-08-24T13:14:50 IST" name="afterMethod" finished-at="2023-08-24T13:14:50 IST" duration-ms="10" status="PASS">
          <params>
            <param index="0">
              <value>
                <![CDATA[[TestResult name=paypalFromViewCartPage status=SUCCESS method=tc__PaypalFromViewCartPage_GuestUser.paypalFromViewCartPage()[pri:0, instance:com.providio.payments.tc__PaypalFromViewCartPage_GuestUser@19739906] output={null}]]]>
              </value>
            </param>
          </params>
          <reporter-output>
          </reporter-output>
        </test-method> <!-- afterMethod -->
      </class> <!-- com.providio.payments.tc__PaypalFromViewCartPage_GuestUser -->
      <class name="com.providio.payments.tc__OrderByGc_GuestUser">
        <test-method is-config="true" signature="setUp()[pri:0, instance:com.providio.payments.tc__OrderByGc_GuestUser@2097dc16]" started-at="2023-08-24T13:34:40 IST" name="setUp" finished-at="2023-08-24T13:34:44 IST" duration-ms="3941" status="PASS">
          <reporter-output>
          </reporter-output>
        </test-method> <!-- setUp -->
        <test-method signature="paymentByGiftCardInGuestUser()[pri:0, instance:com.providio.payments.tc__OrderByGc_GuestUser@2097dc16]" started-at="2023-08-24T13:34:44 IST" name="paymentByGiftCardInGuestUser" finished-at="2023-08-24T13:41:41 IST" duration-ms="417209" status="PASS">
          <reporter-output>
          </reporter-output>
        </test-method> <!-- paymentByGiftCardInGuestUser -->
        <test-method is-config="true" signature="afterMethod(org.testng.ITestResult)[pri:0, instance:com.providio.payments.tc__OrderByGc_GuestUser@2097dc16]" started-at="2023-08-24T13:41:41 IST" name="afterMethod" finished-at="2023-08-24T13:41:42 IST" duration-ms="8" status="PASS">
          <params>
            <param index="0">
              <value>
                <![CDATA[[TestResult name=paymentByGiftCardInGuestUser status=SUCCESS method=tc__OrderByGc_GuestUser.paymentByGiftCardInGuestUser()[pri:0, instance:com.providio.payments.tc__OrderByGc_GuestUser@2097dc16] output={null}]]]>
              </value>
            </param>
          </params>
          <reporter-output>
          </reporter-output>
        </test-method> <!-- afterMethod -->
      </class> <!-- com.providio.payments.tc__OrderByGc_GuestUser -->
      <class name="com.providio.payments.tc__PaymentProccessByGCandPaypalGuestUser">
        <test-method is-config="true" signature="setUp()[pri:0, instance:com.providio.payments.tc__PaymentProccessByGCandPaypalGuestUser@5e3b72ad]" started-at="2023-08-24T13:27:37 IST" name="setUp" finished-at="2023-08-24T13:27:39 IST" duration-ms="2013" status="PASS">
          <reporter-output>
          </reporter-output>
        </test-method> <!-- setUp -->
        <test-method signature="paypalFromCheckoutPage()[pri:0, instance:com.providio.payments.tc__PaymentProccessByGCandPaypalGuestUser@5e3b72ad]" started-at="2023-08-24T13:27:39 IST" name="paypalFromCheckoutPage" finished-at="2023-08-24T13:34:40 IST" duration-ms="421124" status="PASS">
          <reporter-output>
          </reporter-output>
        </test-method> <!-- paypalFromCheckoutPage -->
        <test-method is-config="true" signature="afterMethod(org.testng.ITestResult)[pri:0, instance:com.providio.payments.tc__PaymentProccessByGCandPaypalGuestUser@5e3b72ad]" started-at="2023-08-24T13:34:40 IST" name="afterMethod" finished-at="2023-08-24T13:34:40 IST" duration-ms="24" status="PASS">
          <params>
            <param index="0">
              <value>
                <![CDATA[[TestResult name=paypalFromCheckoutPage status=SUCCESS method=tc__PaymentProccessByGCandPaypalGuestUser.paypalFromCheckoutPage()[pri:0, instance:com.providio.payments.tc__PaymentProccessByGCandPaypalGuestUser@5e3b72ad] output={null}]]]>
              </value>
            </param>
          </params>
          <reporter-output>
          </reporter-output>
        </test-method> <!-- afterMethod -->
      </class> <!-- com.providio.payments.tc__PaymentProccessByGCandPaypalGuestUser -->
      <class name="com.providio.payments.tc__PaymentProccessByGCandCC_RegUser">
        <test-method is-config="true" signature="setUp()[pri:0, instance:com.providio.payments.tc__PaymentProccessByGCandCC_RegUser@54017b46]" started-at="2023-08-24T13:42:02 IST" name="setUp" finished-at="2023-08-24T13:42:04 IST" duration-ms="2011" status="PASS">
          <reporter-output>
          </reporter-output>
        </test-method> <!-- setUp -->
        <test-method signature="paypalFromCheckoutPage()[pri:0, instance:com.providio.payments.tc__PaymentProccessByGCandCC_RegUser@54017b46]" started-at="2023-08-24T13:42:04 IST" name="paypalFromCheckoutPage" finished-at="2023-08-24T13:42:04 IST" depends-on-methods="com.providio.testcases.tc__LoginSc.verifySuccessfulLogin" duration-ms="0" status="FAIL">
          <exception class="java.lang.AssertionError">
            <message>
              <![CDATA[User not logged in]]>
            </message>
            <full-stacktrace>
              <![CDATA[java.lang.AssertionError: User not logged in
at org.testng.Assert.fail(Assert.java:110)
at com.providio.payments.tc__PaymentProccessByGCandCC_RegUser.paypalFromCheckoutPage(tc__PaymentProccessByGCandCC_RegUser.java:85)
at java.base/jdk.internal.reflect.NativeMethodAccessorImpl.invoke0(Native Method)
at java.base/jdk.internal.reflect.NativeMethodAccessorImpl.invoke(NativeMethodAccessorImpl.java:77)
at java.base/jdk.internal.reflect.DelegatingMethodAccessorImpl.invoke(DelegatingMethodAccessorImpl.java:43)
at java.base/java.lang.reflect.Method.invoke(Method.java:568)
at org.testng.internal.invokers.MethodInvocationHelper.invokeMethod(MethodInvocationHelper.java:139)
at org.testng.internal.invokers.TestInvoker.invokeMethod(TestInvoker.java:677)
at org.testng.internal.invokers.TestInvoker.invokeTestMethod(TestInvoker.java:221)
at org.testng.internal.invokers.MethodRunner.runInSequence(MethodRunner.java:50)
at org.testng.internal.invokers.TestInvoker$MethodInvocationAgent.invoke(TestInvoker.java:969)
at org.testng.internal.invokers.TestInvoker.invokeTestMethods(TestInvoker.java:194)
at org.testng.internal.invokers.TestMethodWorker.invokeTestMethods(TestMethodWorker.java:148)
at org.testng.internal.invokers.TestMethodWorker.run(TestMethodWorker.java:128)
at java.base/java.util.ArrayList.forEach(ArrayList.java:1511)
at org.testng.TestRunner.privateRun(TestRunner.java:829)
at org.testng.TestRunner.run(TestRunner.java:602)
at org.testng.SuiteRunner.runTest(SuiteRunner.java:437)
at org.testng.SuiteRunner.runSequentially(SuiteRunner.java:431)
at org.testng.SuiteRunner.privateRun(SuiteRunner.java:391)
at org.testng.SuiteRunner.run(SuiteRunner.java:330)
at org.testng.SuiteRunnerWorker.runSuite(SuiteRunnerWorker.java:52)
at org.testng.SuiteRunnerWorker.run(SuiteRunnerWorker.java:95)
at org.testng.TestNG.runSuitesSequentially(TestNG.java:1256)
at org.testng.TestNG.runSuitesLocally(TestNG.java:1176)
at org.testng.TestNG.runSuites(TestNG.java:1099)
at org.testng.TestNG.run(TestNG.java:1067)
at org.testng.remote.AbstractRemoteTestNG.run(AbstractRemoteTestNG.java:115)
at org.testng.remote.RemoteTestNG.initAndRun(RemoteTestNG.java:251)
at org.testng.remote.RemoteTestNG.main(RemoteTestNG.java:77)
]]>
            </full-stacktrace>
          </exception> <!-- java.lang.AssertionError -->
          <reporter-output>
          </reporter-output>
        </test-method> <!-- paypalFromCheckoutPage -->
        <test-method is-config="true" signature="afterMethod(org.testng.ITestResult)[pri:0, instance:com.providio.payments.tc__PaymentProccessByGCandCC_RegUser@54017b46]" started-at="2023-08-24T13:42:04 IST" name="afterMethod" finished-at="2023-08-24T13:42:05 IST" duration-ms="846" status="PASS">
          <params>
            <param index="0">
              <value>
                <![CDATA[[TestResult name=paypalFromCheckoutPage status=FAILURE method=tc__PaymentProccessByGCandCC_RegUser.paypalFromCheckoutPage()[pri:0, instance:com.providio.payments.tc__PaymentProccessByGCandCC_RegUser@54017b46] output={null}]]]>
              </value>
            </param>
          </params>
          <reporter-output>
          </reporter-output>
        </test-method> <!-- afterMethod -->
      </class> <!-- com.providio.payments.tc__PaymentProccessByGCandCC_RegUser -->
      <class name="com.providio.payments.tc__PaypalFromPDPpage_GuestUser">
        <test-method is-config="true" signature="setUp()[pri:0, instance:com.providio.payments.tc__PaypalFromPDPpage_GuestUser@4bb05e2a]" started-at="2023-08-24T13:16:35 IST" name="setUp" finished-at="2023-08-24T13:16:37 IST" duration-ms="2032" status="PASS">
          <reporter-output>
          </reporter-output>
        </test-method> <!-- setUp -->
        <test-method signature="paypalFromPDPpage()[pri:0, instance:com.providio.payments.tc__PaypalFromPDPpage_GuestUser@4bb05e2a]" started-at="2023-08-24T13:16:37 IST" name="paypalFromPDPpage" finished-at="2023-08-24T13:17:46 IST" duration-ms="68788" status="PASS">
          <reporter-output>
          </reporter-output>
        </test-method> <!-- paypalFromPDPpage -->
        <test-method is-config="true" signature="afterMethod(org.testng.ITestResult)[pri:0, instance:com.providio.payments.tc__PaypalFromPDPpage_GuestUser@4bb05e2a]" started-at="2023-08-24T13:17:46 IST" name="afterMethod" finished-at="2023-08-24T13:17:46 IST" duration-ms="13" status="PASS">
          <params>
            <param index="0">
              <value>
                <![CDATA[[TestResult name=paypalFromPDPpage status=SUCCESS method=tc__PaypalFromPDPpage_GuestUser.paypalFromPDPpage()[pri:0, instance:com.providio.payments.tc__PaypalFromPDPpage_GuestUser@4bb05e2a] output={null}]]]>
              </value>
            </param>
          </params>
          <reporter-output>
          </reporter-output>
        </test-method> <!-- afterMethod -->
      </class> <!-- com.providio.payments.tc__PaypalFromPDPpage_GuestUser -->
      <class name="com.providio.payments.tc__PaypalCheckout_MiniCart_RegUser">
        <test-method is-config="true" signature="setUp()[pri:0, instance:com.providio.payments.tc__PaypalCheckout_MiniCart_RegUser@2e862623]" started-at="2023-08-24T13:41:57 IST" name="setUp" finished-at="2023-08-24T13:41:59 IST" duration-ms="2002" status="PASS">
          <reporter-output>
          </reporter-output>
        </test-method> <!-- setUp -->
        <test-method signature="paypalCheckout_MiniCart()[pri:0, instance:com.providio.payments.tc__PaypalCheckout_MiniCart_RegUser@2e862623]" started-at="2023-08-24T13:41:59 IST" name="paypalCheckout_MiniCart" finished-at="2023-08-24T13:41:59 IST" depends-on-methods="com.providio.testcases.tc__LoginSc.verifySuccessfulLogin" duration-ms="1" status="FAIL">
          <exception class="java.lang.AssertionError">
            <message>
              <![CDATA[User not logged in]]>
            </message>
            <full-stacktrace>
              <![CDATA[java.lang.AssertionError: User not logged in
at org.testng.Assert.fail(Assert.java:110)
at com.providio.payments.tc__PaypalCheckout_MiniCart_RegUser.paypalCheckout_MiniCart(tc__PaypalCheckout_MiniCart_RegUser.java:79)
at java.base/jdk.internal.reflect.NativeMethodAccessorImpl.invoke0(Native Method)
at java.base/jdk.internal.reflect.NativeMethodAccessorImpl.invoke(NativeMethodAccessorImpl.java:77)
at java.base/jdk.internal.reflect.DelegatingMethodAccessorImpl.invoke(DelegatingMethodAccessorImpl.java:43)
at java.base/java.lang.reflect.Method.invoke(Method.java:568)
at org.testng.internal.invokers.MethodInvocationHelper.invokeMethod(MethodInvocationHelper.java:139)
at org.testng.internal.invokers.TestInvoker.invokeMethod(TestInvoker.java:677)
at org.testng.internal.invokers.TestInvoker.invokeTestMethod(TestInvoker.java:221)
at org.testng.internal.invokers.MethodRunner.runInSequence(MethodRunner.java:50)
at org.testng.internal.invokers.TestInvoker$MethodInvocationAgent.invoke(TestInvoker.java:969)
at org.testng.internal.invokers.TestInvoker.invokeTestMethods(TestInvoker.java:194)
at org.testng.internal.invokers.TestMethodWorker.invokeTestMethods(TestMethodWorker.java:148)
at org.testng.internal.invokers.TestMethodWorker.run(TestMethodWorker.java:128)
at java.base/java.util.ArrayList.forEach(ArrayList.java:1511)
at org.testng.TestRunner.privateRun(TestRunner.java:829)
at org.testng.TestRunner.run(TestRunner.java:602)
at org.testng.SuiteRunner.runTest(SuiteRunner.java:437)
at org.testng.SuiteRunner.runSequentially(SuiteRunner.java:431)
at org.testng.SuiteRunner.privateRun(SuiteRunner.java:391)
at org.testng.SuiteRunner.run(SuiteRunner.java:330)
at org.testng.SuiteRunnerWorker.runSuite(SuiteRunnerWorker.java:52)
at org.testng.SuiteRunnerWorker.run(SuiteRunnerWorker.java:95)
at org.testng.TestNG.runSuitesSequentially(TestNG.java:1256)
at org.testng.TestNG.runSuitesLocally(TestNG.java:1176)
at org.testng.TestNG.runSuites(TestNG.java:1099)
at org.testng.TestNG.run(TestNG.java:1067)
at org.testng.remote.AbstractRemoteTestNG.run(AbstractRemoteTestNG.java:115)
at org.testng.remote.RemoteTestNG.initAndRun(RemoteTestNG.java:251)
at org.testng.remote.RemoteTestNG.main(RemoteTestNG.java:77)
]]>
            </full-stacktrace>
          </exception> <!-- java.lang.AssertionError -->
          <reporter-output>
          </reporter-output>
        </test-method> <!-- paypalCheckout_MiniCart -->
        <test-method is-config="true" signature="afterMethod(org.testng.ITestResult)[pri:0, instance:com.providio.payments.tc__PaypalCheckout_MiniCart_RegUser@2e862623]" started-at="2023-08-24T13:41:59 IST" name="afterMethod" finished-at="2023-08-24T13:41:59 IST" duration-ms="867" status="PASS">
          <params>
            <param index="0">
              <value>
                <![CDATA[[TestResult name=paypalCheckout_MiniCart status=FAILURE method=tc__PaypalCheckout_MiniCart_RegUser.paypalCheckout_MiniCart()[pri:0, instance:com.providio.payments.tc__PaypalCheckout_MiniCart_RegUser@2e862623] output={null}]]]>
              </value>
            </param>
          </params>
          <reporter-output>
          </reporter-output>
        </test-method> <!-- afterMethod -->
      </class> <!-- com.providio.payments.tc__PaypalCheckout_MiniCart_RegUser -->
      <class name="com.providio.payments.tc__PaypalCheckout_MiniCart_GuestUser">
        <test-method is-config="true" signature="setUp()[pri:0, instance:com.providio.payments.tc__PaypalCheckout_MiniCart_GuestUser@2530baf6]" started-at="2023-08-24T13:14:50 IST" name="setUp" finished-at="2023-08-24T13:14:52 IST" duration-ms="2065" status="PASS">
          <reporter-output>
          </reporter-output>
        </test-method> <!-- setUp -->
        <test-method signature="paypalCheckout_MiniCart()[pri:0, instance:com.providio.payments.tc__PaypalCheckout_MiniCart_GuestUser@2530baf6]" started-at="2023-08-24T13:14:52 IST" name="paypalCheckout_MiniCart" finished-at="2023-08-24T13:16:35 IST" duration-ms="103175" status="PASS">
          <reporter-output>
          </reporter-output>
        </test-method> <!-- paypalCheckout_MiniCart -->
        <test-method is-config="true" signature="afterMethod(org.testng.ITestResult)[pri:0, instance:com.providio.payments.tc__PaypalCheckout_MiniCart_GuestUser@2530baf6]" started-at="2023-08-24T13:16:35 IST" name="afterMethod" finished-at="2023-08-24T13:16:35 IST" duration-ms="5" status="PASS">
          <params>
            <param index="0">
              <value>
                <![CDATA[[TestResult name=paypalCheckout_MiniCart status=SUCCESS method=tc__PaypalCheckout_MiniCart_GuestUser.paypalCheckout_MiniCart()[pri:0, instance:com.providio.payments.tc__PaypalCheckout_MiniCart_GuestUser@2530baf6] output={null}]]]>
              </value>
            </param>
          </params>
          <reporter-output>
          </reporter-output>
        </test-method> <!-- afterMethod -->
      </class> <!-- com.providio.payments.tc__PaypalCheckout_MiniCart_GuestUser -->
      <class name="com.providio.Validations.CheckoutPage1_Validation">
        <test-method is-config="true" signature="setUpforReport()[pri:0, instance:com.providio.Validations.CheckoutPage1_Validation@3850e90c]" started-at="2023-08-24T13:06:01 IST" name="setUpforReport" finished-at="2023-08-24T13:06:07 IST" duration-ms="5682" status="PASS">
          <reporter-output>
          </reporter-output>
        </test-method> <!-- setUpforReport -->
        <test-method is-config="true" signature="setUp()[pri:0, instance:com.providio.Validations.CheckoutPage1_Validation@3850e90c]" started-at="2023-08-24T13:06:07 IST" name="setUp" finished-at="2023-08-24T13:06:09 IST" duration-ms="2047" status="PASS">
          <reporter-output>
          </reporter-output>
        </test-method> <!-- setUp -->
        <test-method signature="checkoutPage1Validation()[pri:0, instance:com.providio.Validations.CheckoutPage1_Validation@3850e90c]" started-at="2023-08-24T13:06:09 IST" name="checkoutPage1Validation" finished-at="2023-08-24T13:12:57 IST" duration-ms="407565" status="PASS">
          <reporter-output>
          </reporter-output>
        </test-method> <!-- checkoutPage1Validation -->
        <test-method is-config="true" signature="afterMethod(org.testng.ITestResult)[pri:0, instance:com.providio.Validations.CheckoutPage1_Validation@3850e90c]" started-at="2023-08-24T13:12:57 IST" name="afterMethod" finished-at="2023-08-24T13:12:57 IST" duration-ms="23" status="PASS">
          <params>
            <param index="0">
              <value>
                <![CDATA[[TestResult name=checkoutPage1Validation status=SUCCESS method=CheckoutPage1_Validation.checkoutPage1Validation()[pri:0, instance:com.providio.Validations.CheckoutPage1_Validation@3850e90c] output={null}]]]>
              </value>
            </param>
          </params>
          <reporter-output>
          </reporter-output>
        </test-method> <!-- afterMethod -->
        <test-method is-config="true" signature="tearDown()[pri:0, instance:com.providio.Validations.CheckoutPage1_Validation@3850e90c]" started-at="2023-08-24T13:42:30 IST" name="tearDown" finished-at="2023-08-24T13:42:46 IST" duration-ms="15944" status="PASS">
          <reporter-output>
          </reporter-output>
        </test-method> <!-- tearDown -->
      </class> <!-- com.providio.Validations.CheckoutPage1_Validation -->
      <class name="com.providio.payments.tc__PaypalFromViewCartPage_RegUser">
        <test-method is-config="true" signature="setUp()[pri:0, instance:com.providio.payments.tc__PaypalFromViewCartPage_RegUser@36010af3]" started-at="2023-08-24T13:41:54 IST" name="setUp" finished-at="2023-08-24T13:41:56 IST" duration-ms="2010" status="PASS">
          <reporter-output>
          </reporter-output>
        </test-method> <!-- setUp -->
        <test-method signature="paypalFromViewCartPage()[pri:0, instance:com.providio.payments.tc__PaypalFromViewCartPage_RegUser@36010af3]" started-at="2023-08-24T13:41:56 IST" name="paypalFromViewCartPage" finished-at="2023-08-24T13:41:56 IST" depends-on-methods="com.providio.testcases.tc__LoginSc.verifySuccessfulLogin" duration-ms="29" status="FAIL">
          <exception class="java.lang.AssertionError">
            <message>
              <![CDATA[User not logged in]]>
            </message>
            <full-stacktrace>
              <![CDATA[java.lang.AssertionError: User not logged in
at org.testng.Assert.fail(Assert.java:110)
at com.providio.payments.tc__PaypalFromViewCartPage_RegUser.paypalFromViewCartPage(tc__PaypalFromViewCartPage_RegUser.java:81)
at java.base/jdk.internal.reflect.NativeMethodAccessorImpl.invoke0(Native Method)
at java.base/jdk.internal.reflect.NativeMethodAccessorImpl.invoke(NativeMethodAccessorImpl.java:77)
at java.base/jdk.internal.reflect.DelegatingMethodAccessorImpl.invoke(DelegatingMethodAccessorImpl.java:43)
at java.base/java.lang.reflect.Method.invoke(Method.java:568)
at org.testng.internal.invokers.MethodInvocationHelper.invokeMethod(MethodInvocationHelper.java:139)
at org.testng.internal.invokers.TestInvoker.invokeMethod(TestInvoker.java:677)
at org.testng.internal.invokers.TestInvoker.invokeTestMethod(TestInvoker.java:221)
at org.testng.internal.invokers.MethodRunner.runInSequence(MethodRunner.java:50)
at org.testng.internal.invokers.TestInvoker$MethodInvocationAgent.invoke(TestInvoker.java:969)
at org.testng.internal.invokers.TestInvoker.invokeTestMethods(TestInvoker.java:194)
at org.testng.internal.invokers.TestMethodWorker.invokeTestMethods(TestMethodWorker.java:148)
at org.testng.internal.invokers.TestMethodWorker.run(TestMethodWorker.java:128)
at java.base/java.util.ArrayList.forEach(ArrayList.java:1511)
at org.testng.TestRunner.privateRun(TestRunner.java:829)
at org.testng.TestRunner.run(TestRunner.java:602)
at org.testng.SuiteRunner.runTest(SuiteRunner.java:437)
at org.testng.SuiteRunner.runSequentially(SuiteRunner.java:431)
at org.testng.SuiteRunner.privateRun(SuiteRunner.java:391)
at org.testng.SuiteRunner.run(SuiteRunner.java:330)
at org.testng.SuiteRunnerWorker.runSuite(SuiteRunnerWorker.java:52)
at org.testng.SuiteRunnerWorker.run(SuiteRunnerWorker.java:95)
at org.testng.TestNG.runSuitesSequentially(TestNG.java:1256)
at org.testng.TestNG.runSuitesLocally(TestNG.java:1176)
at org.testng.TestNG.runSuites(TestNG.java:1099)
at org.testng.TestNG.run(TestNG.java:1067)
at org.testng.remote.AbstractRemoteTestNG.run(AbstractRemoteTestNG.java:115)
at org.testng.remote.RemoteTestNG.initAndRun(RemoteTestNG.java:251)
at org.testng.remote.RemoteTestNG.main(RemoteTestNG.java:77)
]]>
            </full-stacktrace>
          </exception> <!-- java.lang.AssertionError -->
          <reporter-output>
          </reporter-output>
        </test-method> <!-- paypalFromViewCartPage -->
        <test-method is-config="true" signature="afterMethod(org.testng.ITestResult)[pri:0, instance:com.providio.payments.tc__PaypalFromViewCartPage_RegUser@36010af3]" started-at="2023-08-24T13:41:56 IST" name="afterMethod" finished-at="2023-08-24T13:41:57 IST" duration-ms="892" status="PASS">
          <params>
            <param index="0">
              <value>
                <![CDATA[[TestResult name=paypalFromViewCartPage status=FAILURE method=tc__PaypalFromViewCartPage_RegUser.paypalFromViewCartPage()[pri:0, instance:com.providio.payments.tc__PaypalFromViewCartPage_RegUser@36010af3] output={null}]]]>
              </value>
            </param>
          </params>
          <reporter-output>
          </reporter-output>
        </test-method> <!-- afterMethod -->
      </class> <!-- com.providio.payments.tc__PaypalFromViewCartPage_RegUser -->
      <class name="com.providio.testcases.tc__LoginSc">
        <test-method is-config="true" signature="setUp()[pri:0, instance:com.providio.testcases.tc__LoginSc@37568ac9]" started-at="2023-08-24T13:41:42 IST" name="setUp" finished-at="2023-08-24T13:41:44 IST" duration-ms="2048" status="PASS">
          <reporter-output>
          </reporter-output>
        </test-method> <!-- setUp -->
        <test-method signature="openBrowserandClickSignInButton()[pri:0, instance:com.providio.testcases.tc__LoginSc@37568ac9]" started-at="2023-08-24T13:41:44 IST" name="openBrowserandClickSignInButton" finished-at="2023-08-24T13:41:52 IST" duration-ms="8845" status="FAIL">
          <exception class="org.openqa.selenium.ElementNotInteractableException">
            <message>
              <![CDATA[element not interactable
  (Session info: chrome=116.0.5845.111)
Build info: version: '4.10.0', revision: 'c14d967899'
System info: os.name: 'Windows 10', os.arch: 'amd64', os.version: '10.0', java.version: '17.0.2'
Driver info: org.openqa.selenium.chrome.ChromeDriver
Command: [9b2c92c9a0f4a0618911f05a71549bcf, clickElement {id=A29EBD24038CA2F7A2C37F277DF5A80E_element_2421}]
Capabilities {acceptInsecureCerts: false, browserName: chrome, browserVersion: 116.0.5845.111, chrome: {chromedriverVersion: 116.0.5845.96 (1a3918166880..., userDataDir: C:\Users\user\AppData\Local...}, fedcm:accounts: true, goog:chromeOptions: {debuggerAddress: localhost:55443}, networkConnectionEnabled: false, pageLoadStrategy: normal, platformName: windows, proxy: Proxy(), se:cdp: ws://localhost:55443/devtoo..., se:cdpVersion: 116.0.5845.111, setWindowRect: true, strictFileInteractability: false, timeouts: {implicit: 0, pageLoad: 300000, script: 30000}, unhandledPromptBehavior: dismiss and notify, webauthn:extension:credBlob: true, webauthn:extension:largeBlob: true, webauthn:extension:minPinLength: true, webauthn:extension:prf: true, webauthn:virtualAuthenticators: true}
Element: [[ChromeDriver: chrome on windows (9b2c92c9a0f4a0618911f05a71549bcf)] -> xpath: (//span[@class='user-message'])[1]]
Session ID: 9b2c92c9a0f4a0618911f05a71549bcf]]>
            </message>
            <full-stacktrace>
              <![CDATA[org.openqa.selenium.ElementNotInteractableException: element not interactable
  (Session info: chrome=116.0.5845.111)
Build info: version: '4.10.0', revision: 'c14d967899'
System info: os.name: 'Windows 10', os.arch: 'amd64', os.version: '10.0', java.version: '17.0.2'
Driver info: org.openqa.selenium.chrome.ChromeDriver
Command: [9b2c92c9a0f4a0618911f05a71549bcf, clickElement {id=A29EBD24038CA2F7A2C37F277DF5A80E_element_2421}]
Capabilities {acceptInsecureCerts: false, browserName: chrome, browserVersion: 116.0.5845.111, chrome: {chromedriverVersion: 116.0.5845.96 (1a3918166880..., userDataDir: C:\Users\user\AppData\Local...}, fedcm:accounts: true, goog:chromeOptions: {debuggerAddress: localhost:55443}, networkConnectionEnabled: false, pageLoadStrategy: normal, platformName: windows, proxy: Proxy(), se:cdp: ws://localhost:55443/devtoo..., se:cdpVersion: 116.0.5845.111, setWindowRect: true, strictFileInteractability: false, timeouts: {implicit: 0, pageLoad: 300000, script: 30000}, unhandledPromptBehavior: dismiss and notify, webauthn:extension:credBlob: true, webauthn:extension:largeBlob: true, webauthn:extension:minPinLength: true, webauthn:extension:prf: true, webauthn:virtualAuthenticators: true}
Element: [[ChromeDriver: chrome on windows (9b2c92c9a0f4a0618911f05a71549bcf)] -> xpath: (//span[@class='user-message'])[1]]
Session ID: 9b2c92c9a0f4a0618911f05a71549bcf
at java.base/jdk.internal.reflect.NativeConstructorAccessorImpl.newInstance0(Native Method)
at java.base/jdk.internal.reflect.NativeConstructorAccessorImpl.newInstance(NativeConstructorAccessorImpl.java:77)
at java.base/jdk.internal.reflect.DelegatingConstructorAccessorImpl.newInstance(DelegatingConstructorAccessorImpl.java:45)
at java.base/java.lang.reflect.Constructor.newInstanceWithCaller(Constructor.java:499)
at java.base/java.lang.reflect.Constructor.newInstance(Constructor.java:480)
at org.openqa.selenium.remote.codec.w3c.W3CHttpResponseCodec.createException(W3CHttpResponseCodec.java:199)
at org.openqa.selenium.remote.codec.w3c.W3CHttpResponseCodec.decode(W3CHttpResponseCodec.java:132)
at org.openqa.selenium.remote.codec.w3c.W3CHttpResponseCodec.decode(W3CHttpResponseCodec.java:51)
at org.openqa.selenium.remote.HttpCommandExecutor.execute(HttpCommandExecutor.java:191)
at org.openqa.selenium.remote.service.DriverCommandExecutor.invokeExecute(DriverCommandExecutor.java:196)
at org.openqa.selenium.remote.service.DriverCommandExecutor.execute(DriverCommandExecutor.java:171)
at org.openqa.selenium.remote.RemoteWebDriver.execute(RemoteWebDriver.java:531)
at org.openqa.selenium.remote.RemoteWebElement.execute(RemoteWebElement.java:242)
at org.openqa.selenium.remote.RemoteWebElement.click(RemoteWebElement.java:77)
at jdk.internal.reflect.GeneratedMethodAccessor19.invoke(Unknown Source)
at java.base/jdk.internal.reflect.DelegatingMethodAccessorImpl.invoke(DelegatingMethodAccessorImpl.java:43)
at java.base/java.lang.reflect.Method.invoke(Method.java:568)
at org.openqa.selenium.support.pagefactory.internal.LocatingElementHandler.invoke(LocatingElementHandler.java:51)
at jdk.proxy2/jdk.proxy2.$Proxy19.click(Unknown Source)
at com.providio.pageObjects.loginPage.clickSign(loginPage.java:23)
at com.providio.testcases.tc__LoginSc.openBrowserandClickSignInButton(tc__LoginSc.java:23)
at java.base/jdk.internal.reflect.NativeMethodAccessorImpl.invoke0(Native Method)
at java.base/jdk.internal.reflect.NativeMethodAccessorImpl.invoke(NativeMethodAccessorImpl.java:77)
at java.base/jdk.internal.reflect.DelegatingMethodAccessorImpl.invoke(DelegatingMethodAccessorImpl.java:43)
at java.base/java.lang.reflect.Method.invoke(Method.java:568)
at org.testng.internal.invokers.MethodInvocationHelper.invokeMethod(MethodInvocationHelper.java:139)
at org.testng.internal.invokers.TestInvoker.invokeMethod(TestInvoker.java:677)
at org.testng.internal.invokers.TestInvoker.invokeTestMethod(TestInvoker.java:221)
at org.testng.internal.invokers.MethodRunner.runInSequence(MethodRunner.java:50)
at org.testng.internal.invokers.TestInvoker$MethodInvocationAgent.invoke(TestInvoker.java:969)
at org.testng.internal.invokers.TestInvoker.invokeTestMethods(TestInvoker.java:194)
at org.testng.internal.invokers.TestMethodWorker.invokeTestMethods(TestMethodWorker.java:148)
at org.testng.internal.invokers.TestMethodWorker.run(TestMethodWorker.java:128)
at java.base/java.util.ArrayList.forEach(ArrayList.java:1511)
at org.testng.TestRunner.privateRun(TestRunner.java:829)
at org.testng.TestRunner.run(TestRunner.java:602)
at org.testng.SuiteRunner.runTest(SuiteRunner.java:437)
at org.testng.SuiteRunner.runSequentially(SuiteRunner.java:431)
at org.testng.SuiteRunner.privateRun(SuiteRunner.java:391)
at org.testng.SuiteRunner.run(SuiteRunner.java:330)
at org.testng.SuiteRunnerWorker.runSuite(SuiteRunnerWorker.java:52)
at org.testng.SuiteRunnerWorker.run(SuiteRunnerWorker.java:95)
at org.testng.TestNG.runSuitesSequentially(TestNG.java:1256)
at org.testng.TestNG.runSuitesLocally(TestNG.java:1176)
at org.testng.TestNG.runSuites(TestNG.java:1099)
at org.testng.TestNG.run(TestNG.java:1067)
at org.testng.remote.AbstractRemoteTestNG.run(AbstractRemoteTestNG.java:115)
at org.testng.remote.RemoteTestNG.initAndRun(RemoteTestNG.java:251)
at org.testng.remote.RemoteTestNG.main(RemoteTestNG.java:77)
]]>
            </full-stacktrace>
          </exception> <!-- org.openqa.selenium.ElementNotInteractableException -->
          <reporter-output>
          </reporter-output>
        </test-method> <!-- openBrowserandClickSignInButton -->
        <test-method is-config="true" signature="afterMethod(org.testng.ITestResult)[pri:0, instance:com.providio.testcases.tc__LoginSc@37568ac9]" started-at="2023-08-24T13:41:52 IST" name="afterMethod" finished-at="2023-08-24T13:41:54 IST" duration-ms="1144" status="PASS">
          <params>
            <param index="0">
              <value>
                <![CDATA[[TestResult name=openBrowserandClickSignInButton status=FAILURE method=tc__LoginSc.openBrowserandClickSignInButton()[pri:0, instance:com.providio.testcases.tc__LoginSc@37568ac9] output={null}]]]>
              </value>
            </param>
          </params>
          <reporter-output>
          </reporter-output>
        </test-method> <!-- afterMethod -->
        <test-method signature="verifyLoginFailureWithEmptyEmail()[pri:0, instance:com.providio.testcases.tc__LoginSc@37568ac9]" started-at="2023-08-24T13:41:54 IST" name="verifyLoginFailureWithEmptyEmail" finished-at="2023-08-24T13:41:54 IST" duration-ms="1" status="PASS">
          <reporter-output>
          </reporter-output>
        </test-method> <!-- verifyLoginFailureWithEmptyEmail -->
        <test-method is-config="true" signature="afterMethod(org.testng.ITestResult)[pri:0, instance:com.providio.testcases.tc__LoginSc@37568ac9]" started-at="2023-08-24T13:41:54 IST" name="afterMethod" finished-at="2023-08-24T13:41:54 IST" duration-ms="7" status="PASS">
          <params>
            <param index="0">
              <value>
                <![CDATA[[TestResult name=verifyLoginFailureWithEmptyEmail status=SUCCESS method=tc__LoginSc.verifyLoginFailureWithEmptyEmail()[pri:0, instance:com.providio.testcases.tc__LoginSc@37568ac9] output={null}]]]>
              </value>
            </param>
          </params>
          <reporter-output>
          </reporter-output>
        </test-method> <!-- afterMethod -->
        <test-method signature="verifyLoginFailureWithEmptyEmailAndPassword()[pri:0, instance:com.providio.testcases.tc__LoginSc@37568ac9]" started-at="2023-08-24T13:41:54 IST" name="verifyLoginFailureWithEmptyEmailAndPassword" finished-at="2023-08-24T13:41:54 IST" duration-ms="0" status="PASS">
          <reporter-output>
          </reporter-output>
        </test-method> <!-- verifyLoginFailureWithEmptyEmailAndPassword -->
        <test-method is-config="true" signature="afterMethod(org.testng.ITestResult)[pri:0, instance:com.providio.testcases.tc__LoginSc@37568ac9]" started-at="2023-08-24T13:41:54 IST" name="afterMethod" finished-at="2023-08-24T13:41:54 IST" duration-ms="5" status="PASS">
          <params>
            <param index="0">
              <value>
                <![CDATA[[TestResult name=verifyLoginFailureWithEmptyEmailAndPassword status=SUCCESS method=tc__LoginSc.verifyLoginFailureWithEmptyEmailAndPassword()[pri:0, instance:com.providio.testcases.tc__LoginSc@37568ac9] output={null}]]]>
              </value>
            </param>
          </params>
          <reporter-output>
          </reporter-output>
        </test-method> <!-- afterMethod -->
        <test-method signature="verifyLoginFailureWithEmptyPassword()[pri:0, instance:com.providio.testcases.tc__LoginSc@37568ac9]" started-at="2023-08-24T13:41:54 IST" name="verifyLoginFailureWithEmptyPassword" finished-at="2023-08-24T13:41:54 IST" duration-ms="0" status="PASS">
          <reporter-output>
          </reporter-output>
        </test-method> <!-- verifyLoginFailureWithEmptyPassword -->
        <test-method is-config="true" signature="afterMethod(org.testng.ITestResult)[pri:0, instance:com.providio.testcases.tc__LoginSc@37568ac9]" started-at="2023-08-24T13:41:54 IST" name="afterMethod" finished-at="2023-08-24T13:41:54 IST" duration-ms="10" status="PASS">
          <params>
            <param index="0">
              <value>
                <![CDATA[[TestResult name=verifyLoginFailureWithEmptyPassword status=SUCCESS method=tc__LoginSc.verifyLoginFailureWithEmptyPassword()[pri:0, instance:com.providio.testcases.tc__LoginSc@37568ac9] output={null}]]]>
              </value>
            </param>
          </params>
          <reporter-output>
          </reporter-output>
        </test-method> <!-- afterMethod -->
        <test-method signature="verifyLoginFailureWithIncorrectCredentials()[pri:0, instance:com.providio.testcases.tc__LoginSc@37568ac9]" started-at="2023-08-24T13:41:54 IST" name="verifyLoginFailureWithIncorrectCredentials" finished-at="2023-08-24T13:41:54 IST" duration-ms="14" status="PASS">
          <reporter-output>
          </reporter-output>
        </test-method> <!-- verifyLoginFailureWithIncorrectCredentials -->
        <test-method is-config="true" signature="afterMethod(org.testng.ITestResult)[pri:0, instance:com.providio.testcases.tc__LoginSc@37568ac9]" started-at="2023-08-24T13:41:54 IST" name="afterMethod" finished-at="2023-08-24T13:41:54 IST" duration-ms="7" status="PASS">
          <params>
            <param index="0">
              <value>
                <![CDATA[[TestResult name=verifyLoginFailureWithIncorrectCredentials status=SUCCESS method=tc__LoginSc.verifyLoginFailureWithIncorrectCredentials()[pri:0, instance:com.providio.testcases.tc__LoginSc@37568ac9] output={null}]]]>
              </value>
            </param>
          </params>
          <reporter-output>
          </reporter-output>
        </test-method> <!-- afterMethod -->
        <test-method signature="verifyLoginFailureWithIncorrectPassword()[pri:0, instance:com.providio.testcases.tc__LoginSc@37568ac9]" started-at="2023-08-24T13:41:54 IST" name="verifyLoginFailureWithIncorrectPassword" finished-at="2023-08-24T13:41:54 IST" duration-ms="0" status="PASS">
          <reporter-output>
          </reporter-output>
        </test-method> <!-- verifyLoginFailureWithIncorrectPassword -->
        <test-method is-config="true" signature="afterMethod(org.testng.ITestResult)[pri:0, instance:com.providio.testcases.tc__LoginSc@37568ac9]" started-at="2023-08-24T13:41:54 IST" name="afterMethod" finished-at="2023-08-24T13:41:54 IST" duration-ms="7" status="PASS">
          <params>
            <param index="0">
              <value>
                <![CDATA[[TestResult name=verifyLoginFailureWithIncorrectPassword status=SUCCESS method=tc__LoginSc.verifyLoginFailureWithIncorrectPassword()[pri:0, instance:com.providio.testcases.tc__LoginSc@37568ac9] output={null}]]]>
              </value>
            </param>
          </params>
          <reporter-output>
          </reporter-output>
        </test-method> <!-- afterMethod -->
        <test-method signature="verifyLoginFailureWithInvalidEmailFormat()[pri:0, instance:com.providio.testcases.tc__LoginSc@37568ac9]" started-at="2023-08-24T13:41:54 IST" name="verifyLoginFailureWithInvalidEmailFormat" finished-at="2023-08-24T13:41:54 IST" duration-ms="1" status="PASS">
          <reporter-output>
          </reporter-output>
        </test-method> <!-- verifyLoginFailureWithInvalidEmailFormat -->
        <test-method is-config="true" signature="afterMethod(org.testng.ITestResult)[pri:0, instance:com.providio.testcases.tc__LoginSc@37568ac9]" started-at="2023-08-24T13:41:54 IST" name="afterMethod" finished-at="2023-08-24T13:41:54 IST" duration-ms="7" status="PASS">
          <params>
            <param index="0">
              <value>
                <![CDATA[[TestResult name=verifyLoginFailureWithInvalidEmailFormat status=SUCCESS method=tc__LoginSc.verifyLoginFailureWithInvalidEmailFormat()[pri:0, instance:com.providio.testcases.tc__LoginSc@37568ac9] output={null}]]]>
              </value>
            </param>
          </params>
          <reporter-output>
          </reporter-output>
        </test-method> <!-- afterMethod -->
        <test-method signature="verifySuccessfulLogin()[pri:0, instance:com.providio.testcases.tc__LoginSc@37568ac9]" started-at="2023-08-24T13:41:54 IST" name="verifySuccessfulLogin" finished-at="2023-08-24T13:41:54 IST" depends-on-methods="com.providio.testcases.testlogin.openBrowserandClickSignInButton" duration-ms="0" status="SKIP">
          <exception class="java.lang.Throwable">
            <message>
              <![CDATA[Method com.providio.testcases.tc__LoginSc.verifySuccessfulLogin() on instance com.providio.testcases.tc__LoginSc@37568ac9 depends on not successfully finished methods 
[com.providio.testcases.tc__LoginSc.openBrowserandClickSignInButton() on instance com.providio.testcases.tc__LoginSc@37568ac9]]]>
            </message>
            <full-stacktrace>
              <![CDATA[java.lang.Throwable: Method com.providio.testcases.tc__LoginSc.verifySuccessfulLogin() on instance com.providio.testcases.tc__LoginSc@37568ac9 depends on not successfully finished methods 
[com.providio.testcases.tc__LoginSc.openBrowserandClickSignInButton() on instance com.providio.testcases.tc__LoginSc@37568ac9]
at org.testng.internal.invokers.TestInvoker.invokeTestMethods(TestInvoker.java:150)
at org.testng.internal.invokers.TestMethodWorker.invokeTestMethods(TestMethodWorker.java:148)
at org.testng.internal.invokers.TestMethodWorker.run(TestMethodWorker.java:128)
at java.base/java.util.ArrayList.forEach(ArrayList.java:1511)
at org.testng.TestRunner.privateRun(TestRunner.java:829)
at org.testng.TestRunner.run(TestRunner.java:602)
at org.testng.SuiteRunner.runTest(SuiteRunner.java:437)
at org.testng.SuiteRunner.runSequentially(SuiteRunner.java:431)
at org.testng.SuiteRunner.privateRun(SuiteRunner.java:391)
at org.testng.SuiteRunner.run(SuiteRunner.java:330)
at org.testng.SuiteRunnerWorker.runSuite(SuiteRunnerWorker.java:52)
at org.testng.SuiteRunnerWorker.run(SuiteRunnerWorker.java:95)
at org.testng.TestNG.runSuitesSequentially(TestNG.java:1256)
at org.testng.TestNG.runSuitesLocally(TestNG.java:1176)
at org.testng.TestNG.runSuites(TestNG.java:1099)
at org.testng.TestNG.run(TestNG.java:1067)
at org.testng.remote.AbstractRemoteTestNG.run(AbstractRemoteTestNG.java:115)
at org.testng.remote.RemoteTestNG.initAndRun(RemoteTestNG.java:251)
at org.testng.remote.RemoteTestNG.main(RemoteTestNG.java:77)
]]>
            </full-stacktrace>
          </exception> <!-- java.lang.Throwable -->
          <reporter-output>
          </reporter-output>
        </test-method> <!-- verifySuccessfulLogin -->
      </class> <!-- com.providio.testcases.tc__LoginSc -->
      <class name="com.providio.testcases.tc__LogOut">
        <test-method is-config="true" signature="setUp()[pri:0, instance:com.providio.testcases.tc__LogOut@2c031dee]" started-at="2023-08-24T13:42:11 IST" name="setUp" finished-at="2023-08-24T13:42:13 IST" duration-ms="2018" status="PASS">
          <reporter-output>
          </reporter-output>
        </test-method> <!-- setUp -->
        <test-method signature="Logout()[pri:0, instance:com.providio.testcases.tc__LogOut@2c031dee]" started-at="2023-08-24T13:42:13 IST" name="Logout" finished-at="2023-08-24T13:42:13 IST" depends-on-methods="com.providio.testcases.tc__LoginSc.verifySuccessfulLogin" duration-ms="1" status="FAIL">
          <exception class="java.lang.AssertionError">
            <message>
              <![CDATA[User not logged out]]>
            </message>
            <full-stacktrace>
              <![CDATA[java.lang.AssertionError: User not logged out
at org.testng.Assert.fail(Assert.java:110)
at com.providio.testcases.tc__LogOut.Logout(tc__LogOut.java:38)
at java.base/jdk.internal.reflect.NativeMethodAccessorImpl.invoke0(Native Method)
at java.base/jdk.internal.reflect.NativeMethodAccessorImpl.invoke(NativeMethodAccessorImpl.java:77)
at java.base/jdk.internal.reflect.DelegatingMethodAccessorImpl.invoke(DelegatingMethodAccessorImpl.java:43)
at java.base/java.lang.reflect.Method.invoke(Method.java:568)
at org.testng.internal.invokers.MethodInvocationHelper.invokeMethod(MethodInvocationHelper.java:139)
at org.testng.internal.invokers.TestInvoker.invokeMethod(TestInvoker.java:677)
at org.testng.internal.invokers.TestInvoker.invokeTestMethod(TestInvoker.java:221)
at org.testng.internal.invokers.MethodRunner.runInSequence(MethodRunner.java:50)
at org.testng.internal.invokers.TestInvoker$MethodInvocationAgent.invoke(TestInvoker.java:969)
at org.testng.internal.invokers.TestInvoker.invokeTestMethods(TestInvoker.java:194)
at org.testng.internal.invokers.TestMethodWorker.invokeTestMethods(TestMethodWorker.java:148)
at org.testng.internal.invokers.TestMethodWorker.run(TestMethodWorker.java:128)
at java.base/java.util.ArrayList.forEach(ArrayList.java:1511)
at org.testng.TestRunner.privateRun(TestRunner.java:829)
at org.testng.TestRunner.run(TestRunner.java:602)
at org.testng.SuiteRunner.runTest(SuiteRunner.java:437)
at org.testng.SuiteRunner.runSequentially(SuiteRunner.java:431)
at org.testng.SuiteRunner.privateRun(SuiteRunner.java:391)
at org.testng.SuiteRunner.run(SuiteRunner.java:330)
at org.testng.SuiteRunnerWorker.runSuite(SuiteRunnerWorker.java:52)
at org.testng.SuiteRunnerWorker.run(SuiteRunnerWorker.java:95)
at org.testng.TestNG.runSuitesSequentially(TestNG.java:1256)
at org.testng.TestNG.runSuitesLocally(TestNG.java:1176)
at org.testng.TestNG.runSuites(TestNG.java:1099)
at org.testng.TestNG.run(TestNG.java:1067)
at org.testng.remote.AbstractRemoteTestNG.run(AbstractRemoteTestNG.java:115)
at org.testng.remote.RemoteTestNG.initAndRun(RemoteTestNG.java:251)
at org.testng.remote.RemoteTestNG.main(RemoteTestNG.java:77)
]]>
            </full-stacktrace>
          </exception> <!-- java.lang.AssertionError -->
          <reporter-output>
          </reporter-output>
        </test-method> <!-- Logout -->
        <test-method is-config="true" signature="afterMethod(org.testng.ITestResult)[pri:0, instance:com.providio.testcases.tc__LogOut@2c031dee]" started-at="2023-08-24T13:42:13 IST" name="afterMethod" finished-at="2023-08-24T13:42:14 IST" duration-ms="816" status="PASS">
          <params>
            <param index="0">
              <value>
                <![CDATA[[TestResult name=Logout status=FAILURE method=tc__LogOut.Logout()[pri:0, instance:com.providio.testcases.tc__LogOut@2c031dee] output={null}]]]>
              </value>
            </param>
          </params>
          <reporter-output>
          </reporter-output>
        </test-method> <!-- afterMethod -->
        <test-method signature="Logout1()[pri:0, instance:com.providio.testcases.tc__LogOut@2c031dee]" started-at="2023-08-24T13:42:14 IST" name="Logout1" finished-at="2023-08-24T13:42:29 IST" duration-ms="15643" status="PASS">
          <reporter-output>
          </reporter-output>
        </test-method> <!-- Logout1 -->
        <test-method is-config="true" signature="afterMethod(org.testng.ITestResult)[pri:0, instance:com.providio.testcases.tc__LogOut@2c031dee]" started-at="2023-08-24T13:42:29 IST" name="afterMethod" finished-at="2023-08-24T13:42:29 IST" duration-ms="8" status="PASS">
          <params>
            <param index="0">
              <value>
                <![CDATA[[TestResult name=Logout1 status=SUCCESS method=tc__LogOut.Logout1()[pri:0, instance:com.providio.testcases.tc__LogOut@2c031dee] output={null}]]]>
              </value>
            </param>
          </params>
          <reporter-output>
          </reporter-output>
        </test-method> <!-- afterMethod -->
      </class> <!-- com.providio.testcases.tc__LogOut -->
      <class name="com.providio.payments.tc__PaypalFromCheckoutPage_GuestUser">
        <test-method is-config="true" signature="setUp()[pri:0, instance:com.providio.payments.tc__PaypalFromCheckoutPage_GuestUser@58a887fb]" started-at="2023-08-24T13:17:46 IST" name="setUp" finished-at="2023-08-24T13:17:48 IST" duration-ms="2080" status="PASS">
          <reporter-output>
          </reporter-output>
        </test-method> <!-- setUp -->
        <test-method signature="paypalFromCheckoutPage()[pri:0, instance:com.providio.payments.tc__PaypalFromCheckoutPage_GuestUser@58a887fb]" started-at="2023-08-24T13:17:48 IST" name="paypalFromCheckoutPage" finished-at="2023-08-24T13:19:58 IST" duration-ms="129519" status="PASS">
          <reporter-output>
          </reporter-output>
        </test-method> <!-- paypalFromCheckoutPage -->
        <test-method is-config="true" signature="afterMethod(org.testng.ITestResult)[pri:0, instance:com.providio.payments.tc__PaypalFromCheckoutPage_GuestUser@58a887fb]" started-at="2023-08-24T13:19:58 IST" name="afterMethod" finished-at="2023-08-24T13:19:58 IST" duration-ms="11" status="PASS">
          <params>
            <param index="0">
              <value>
                <![CDATA[[TestResult name=paypalFromCheckoutPage status=SUCCESS method=tc__PaypalFromCheckoutPage_GuestUser.paypalFromCheckoutPage()[pri:0, instance:com.providio.payments.tc__PaypalFromCheckoutPage_GuestUser@58a887fb] output={null}]]]>
              </value>
            </param>
          </params>
          <reporter-output>
          </reporter-output>
        </test-method> <!-- afterMethod -->
      </class> <!-- com.providio.payments.tc__PaypalFromCheckoutPage_GuestUser -->
      <class name="com.providio.payments.tc__OrderByGc_RegUser">
        <test-method is-config="true" signature="setUp()[pri:0, instance:com.providio.payments.tc__OrderByGc_RegUser@2596c964]" started-at="2023-08-24T13:42:08 IST" name="setUp" finished-at="2023-08-24T13:42:10 IST" duration-ms="2012" status="PASS">
          <reporter-output>
          </reporter-output>
        </test-method> <!-- setUp -->
        <test-method signature="orderByGc_RegUser()[pri:0, instance:com.providio.payments.tc__OrderByGc_RegUser@2596c964]" started-at="2023-08-24T13:42:10 IST" name="orderByGc_RegUser" finished-at="2023-08-24T13:42:10 IST" depends-on-methods="com.providio.testcases.tc__LoginSc.verifySuccessfulLogin" duration-ms="0" status="FAIL">
          <exception class="java.lang.AssertionError">
            <message>
              <![CDATA[User not logged in]]>
            </message>
            <full-stacktrace>
              <![CDATA[java.lang.AssertionError: User not logged in
at org.testng.Assert.fail(Assert.java:110)
at com.providio.payments.tc__OrderByGc_RegUser.orderByGc_RegUser(tc__OrderByGc_RegUser.java:84)
at java.base/jdk.internal.reflect.NativeMethodAccessorImpl.invoke0(Native Method)
at java.base/jdk.internal.reflect.NativeMethodAccessorImpl.invoke(NativeMethodAccessorImpl.java:77)
at java.base/jdk.internal.reflect.DelegatingMethodAccessorImpl.invoke(DelegatingMethodAccessorImpl.java:43)
at java.base/java.lang.reflect.Method.invoke(Method.java:568)
at org.testng.internal.invokers.MethodInvocationHelper.invokeMethod(MethodInvocationHelper.java:139)
at org.testng.internal.invokers.TestInvoker.invokeMethod(TestInvoker.java:677)
at org.testng.internal.invokers.TestInvoker.invokeTestMethod(TestInvoker.java:221)
at org.testng.internal.invokers.MethodRunner.runInSequence(MethodRunner.java:50)
at org.testng.internal.invokers.TestInvoker$MethodInvocationAgent.invoke(TestInvoker.java:969)
at org.testng.internal.invokers.TestInvoker.invokeTestMethods(TestInvoker.java:194)
at org.testng.internal.invokers.TestMethodWorker.invokeTestMethods(TestMethodWorker.java:148)
at org.testng.internal.invokers.TestMethodWorker.run(TestMethodWorker.java:128)
at java.base/java.util.ArrayList.forEach(ArrayList.java:1511)
at org.testng.TestRunner.privateRun(TestRunner.java:829)
at org.testng.TestRunner.run(TestRunner.java:602)
at org.testng.SuiteRunner.runTest(SuiteRunner.java:437)
at org.testng.SuiteRunner.runSequentially(SuiteRunner.java:431)
at org.testng.SuiteRunner.privateRun(SuiteRunner.java:391)
at org.testng.SuiteRunner.run(SuiteRunner.java:330)
at org.testng.SuiteRunnerWorker.runSuite(SuiteRunnerWorker.java:52)
at org.testng.SuiteRunnerWorker.run(SuiteRunnerWorker.java:95)
at org.testng.TestNG.runSuitesSequentially(TestNG.java:1256)
at org.testng.TestNG.runSuitesLocally(TestNG.java:1176)
at org.testng.TestNG.runSuites(TestNG.java:1099)
at org.testng.TestNG.run(TestNG.java:1067)
at org.testng.remote.AbstractRemoteTestNG.run(AbstractRemoteTestNG.java:115)
at org.testng.remote.RemoteTestNG.initAndRun(RemoteTestNG.java:251)
at org.testng.remote.RemoteTestNG.main(RemoteTestNG.java:77)
]]>
            </full-stacktrace>
          </exception> <!-- java.lang.AssertionError -->
          <reporter-output>
          </reporter-output>
        </test-method> <!-- orderByGc_RegUser -->
        <test-method is-config="true" signature="afterMethod(org.testng.ITestResult)[pri:0, instance:com.providio.payments.tc__OrderByGc_RegUser@2596c964]" started-at="2023-08-24T13:42:10 IST" name="afterMethod" finished-at="2023-08-24T13:42:11 IST" duration-ms="822" status="PASS">
          <params>
            <param index="0">
              <value>
                <![CDATA[[TestResult name=orderByGc_RegUser status=FAILURE method=tc__OrderByGc_RegUser.orderByGc_RegUser()[pri:0, instance:com.providio.payments.tc__OrderByGc_RegUser@2596c964] output={null}]]]>
              </value>
            </param>
          </params>
          <reporter-output>
          </reporter-output>
        </test-method> <!-- afterMethod -->
      </class> <!-- com.providio.payments.tc__OrderByGc_RegUser -->
      <class name="com.providio.payments.tc__PaymentProccessByGCandPaypalRegUser">
        <test-method is-config="true" signature="setUp()[pri:0, instance:com.providio.payments.tc__PaymentProccessByGCandPaypalRegUser@3ba23ae0]" started-at="2023-08-24T13:42:05 IST" name="setUp" finished-at="2023-08-24T13:42:07 IST" duration-ms="2010" status="PASS">
          <reporter-output>
          </reporter-output>
        </test-method> <!-- setUp -->
        <test-method signature="paypalFromCheckoutPage()[pri:0, instance:com.providio.payments.tc__PaymentProccessByGCandPaypalRegUser@3ba23ae0]" started-at="2023-08-24T13:42:07 IST" name="paypalFromCheckoutPage" finished-at="2023-08-24T13:42:07 IST" depends-on-methods="com.providio.testcases.tc__LoginSc.verifySuccessfulLogin" duration-ms="1" status="FAIL">
          <exception class="java.lang.AssertionError">
            <message>
              <![CDATA[User not logged in]]>
            </message>
            <full-stacktrace>
              <![CDATA[java.lang.AssertionError: User not logged in
at org.testng.Assert.fail(Assert.java:110)
at com.providio.payments.tc__PaymentProccessByGCandPaypalRegUser.paypalFromCheckoutPage(tc__PaymentProccessByGCandPaypalRegUser.java:85)
at java.base/jdk.internal.reflect.NativeMethodAccessorImpl.invoke0(Native Method)
at java.base/jdk.internal.reflect.NativeMethodAccessorImpl.invoke(NativeMethodAccessorImpl.java:77)
at java.base/jdk.internal.reflect.DelegatingMethodAccessorImpl.invoke(DelegatingMethodAccessorImpl.java:43)
at java.base/java.lang.reflect.Method.invoke(Method.java:568)
at org.testng.internal.invokers.MethodInvocationHelper.invokeMethod(MethodInvocationHelper.java:139)
at org.testng.internal.invokers.TestInvoker.invokeMethod(TestInvoker.java:677)
at org.testng.internal.invokers.TestInvoker.invokeTestMethod(TestInvoker.java:221)
at org.testng.internal.invokers.MethodRunner.runInSequence(MethodRunner.java:50)
at org.testng.internal.invokers.TestInvoker$MethodInvocationAgent.invoke(TestInvoker.java:969)
at org.testng.internal.invokers.TestInvoker.invokeTestMethods(TestInvoker.java:194)
at org.testng.internal.invokers.TestMethodWorker.invokeTestMethods(TestMethodWorker.java:148)
at org.testng.internal.invokers.TestMethodWorker.run(TestMethodWorker.java:128)
at java.base/java.util.ArrayList.forEach(ArrayList.java:1511)
at org.testng.TestRunner.privateRun(TestRunner.java:829)
at org.testng.TestRunner.run(TestRunner.java:602)
at org.testng.SuiteRunner.runTest(SuiteRunner.java:437)
at org.testng.SuiteRunner.runSequentially(SuiteRunner.java:431)
at org.testng.SuiteRunner.privateRun(SuiteRunner.java:391)
at org.testng.SuiteRunner.run(SuiteRunner.java:330)
at org.testng.SuiteRunnerWorker.runSuite(SuiteRunnerWorker.java:52)
at org.testng.SuiteRunnerWorker.run(SuiteRunnerWorker.java:95)
at org.testng.TestNG.runSuitesSequentially(TestNG.java:1256)
at org.testng.TestNG.runSuitesLocally(TestNG.java:1176)
at org.testng.TestNG.runSuites(TestNG.java:1099)
at org.testng.TestNG.run(TestNG.java:1067)
at org.testng.remote.AbstractRemoteTestNG.run(AbstractRemoteTestNG.java:115)
at org.testng.remote.RemoteTestNG.initAndRun(RemoteTestNG.java:251)
at org.testng.remote.RemoteTestNG.main(RemoteTestNG.java:77)
]]>
            </full-stacktrace>
          </exception> <!-- java.lang.AssertionError -->
          <reporter-output>
          </reporter-output>
        </test-method> <!-- paypalFromCheckoutPage -->
        <test-method is-config="true" signature="afterMethod(org.testng.ITestResult)[pri:0, instance:com.providio.payments.tc__PaymentProccessByGCandPaypalRegUser@3ba23ae0]" started-at="2023-08-24T13:42:07 IST" name="afterMethod" finished-at="2023-08-24T13:42:08 IST" duration-ms="805" status="PASS">
          <params>
            <param index="0">
              <value>
                <![CDATA[[TestResult name=paypalFromCheckoutPage status=FAILURE method=tc__PaymentProccessByGCandPaypalRegUser.paypalFromCheckoutPage()[pri:0, instance:com.providio.payments.tc__PaymentProccessByGCandPaypalRegUser@3ba23ae0] output={null}]]]>
              </value>
            </param>
          </params>
          <reporter-output>
          </reporter-output>
        </test-method> <!-- afterMethod -->
      </class> <!-- com.providio.payments.tc__PaymentProccessByGCandPaypalRegUser -->
      <class name="com.providio.payments.tc__PaypalFromCheckoutPage_RegUser">
        <test-method is-config="true" signature="setUp()[pri:0, instance:com.providio.payments.tc__PaypalFromCheckoutPage_RegUser@478caa0a]" started-at="2023-08-24T13:41:59 IST" name="setUp" finished-at="2023-08-24T13:42:01 IST" duration-ms="2020" status="PASS">
          <reporter-output>
          </reporter-output>
        </test-method> <!-- setUp -->
        <test-method signature="paypalFromCheckoutPage()[pri:0, instance:com.providio.payments.tc__PaypalFromCheckoutPage_RegUser@478caa0a]" started-at="2023-08-24T13:42:01 IST" name="paypalFromCheckoutPage" finished-at="2023-08-24T13:42:01 IST" depends-on-methods="com.providio.testcases.tc__LoginSc.verifySuccessfulLogin" duration-ms="6" status="FAIL">
          <exception class="java.lang.AssertionError">
            <message>
              <![CDATA[User not logged in]]>
            </message>
            <full-stacktrace>
              <![CDATA[java.lang.AssertionError: User not logged in
at org.testng.Assert.fail(Assert.java:110)
at com.providio.payments.tc__PaypalFromCheckoutPage_RegUser.paypalFromCheckoutPage(tc__PaypalFromCheckoutPage_RegUser.java:77)
at java.base/jdk.internal.reflect.NativeMethodAccessorImpl.invoke0(Native Method)
at java.base/jdk.internal.reflect.NativeMethodAccessorImpl.invoke(NativeMethodAccessorImpl.java:77)
at java.base/jdk.internal.reflect.DelegatingMethodAccessorImpl.invoke(DelegatingMethodAccessorImpl.java:43)
at java.base/java.lang.reflect.Method.invoke(Method.java:568)
at org.testng.internal.invokers.MethodInvocationHelper.invokeMethod(MethodInvocationHelper.java:139)
at org.testng.internal.invokers.TestInvoker.invokeMethod(TestInvoker.java:677)
at org.testng.internal.invokers.TestInvoker.invokeTestMethod(TestInvoker.java:221)
at org.testng.internal.invokers.MethodRunner.runInSequence(MethodRunner.java:50)
at org.testng.internal.invokers.TestInvoker$MethodInvocationAgent.invoke(TestInvoker.java:969)
at org.testng.internal.invokers.TestInvoker.invokeTestMethods(TestInvoker.java:194)
at org.testng.internal.invokers.TestMethodWorker.invokeTestMethods(TestMethodWorker.java:148)
at org.testng.internal.invokers.TestMethodWorker.run(TestMethodWorker.java:128)
at java.base/java.util.ArrayList.forEach(ArrayList.java:1511)
at org.testng.TestRunner.privateRun(TestRunner.java:829)
at org.testng.TestRunner.run(TestRunner.java:602)
at org.testng.SuiteRunner.runTest(SuiteRunner.java:437)
at org.testng.SuiteRunner.runSequentially(SuiteRunner.java:431)
at org.testng.SuiteRunner.privateRun(SuiteRunner.java:391)
at org.testng.SuiteRunner.run(SuiteRunner.java:330)
at org.testng.SuiteRunnerWorker.runSuite(SuiteRunnerWorker.java:52)
at org.testng.SuiteRunnerWorker.run(SuiteRunnerWorker.java:95)
at org.testng.TestNG.runSuitesSequentially(TestNG.java:1256)
at org.testng.TestNG.runSuitesLocally(TestNG.java:1176)
at org.testng.TestNG.runSuites(TestNG.java:1099)
at org.testng.TestNG.run(TestNG.java:1067)
at org.testng.remote.AbstractRemoteTestNG.run(AbstractRemoteTestNG.java:115)
at org.testng.remote.RemoteTestNG.initAndRun(RemoteTestNG.java:251)
at org.testng.remote.RemoteTestNG.main(RemoteTestNG.java:77)
]]>
            </full-stacktrace>
          </exception> <!-- java.lang.AssertionError -->
          <reporter-output>
          </reporter-output>
        </test-method> <!-- paypalFromCheckoutPage -->
        <test-method is-config="true" signature="afterMethod(org.testng.ITestResult)[pri:0, instance:com.providio.payments.tc__PaypalFromCheckoutPage_RegUser@478caa0a]" started-at="2023-08-24T13:42:01 IST" name="afterMethod" finished-at="2023-08-24T13:42:02 IST" duration-ms="860" status="PASS">
          <params>
            <param index="0">
              <value>
                <![CDATA[[TestResult name=paypalFromCheckoutPage status=FAILURE method=tc__PaypalFromCheckoutPage_RegUser.paypalFromCheckoutPage()[pri:0, instance:com.providio.payments.tc__PaypalFromCheckoutPage_RegUser@478caa0a] output={null}]]]>
              </value>
            </param>
          </params>
          <reporter-output>
          </reporter-output>
        </test-method> <!-- afterMethod -->
      </class> <!-- com.providio.payments.tc__PaypalFromCheckoutPage_RegUser -->
    </test> <!-- Automation -->
  </suite> <!-- ProvidioTestcases -->
</testng-results>
