<?xml version="1.0" encoding="UTF-8"?>
<testng-results ignored="0" total="1" passed="1" failed="0" skipped="0">
  <reporter-output>
  </reporter-output>
  <suite started-at="2023-08-28T20:31:15 IST" name="Default suite" finished-at="2023-08-28T20:37:33 IST" duration-ms="378136">
    <groups>
    </groups>
    <test started-at="2023-08-28T20:31:15 IST" name="Default test" finished-at="2023-08-28T20:37:33 IST" duration-ms="378136">
      <class name="com.providio.payments.tc__PaymentProccessByGCandPaypalGuestUser">
        <test-method is-config="true" signature="setUpforReport()[pri:0, instance:com.providio.payments.tc__PaymentProccessByGCandPaypalGuestUser@1ddc6db2]" started-at="2023-08-28T20:31:12 IST" name="setUpforReport" finished-at="2023-08-28T20:31:15 IST" duration-ms="3568" status="PASS">
          <reporter-output>
          </reporter-output>
        </test-method> <!-- setUpforReport -->
        <test-method is-config="true" signature="setUp()[pri:0, instance:com.providio.payments.tc__PaymentProccessByGCandPaypalGuestUser@1ddc6db2]" started-at="2023-08-28T20:31:15 IST" name="setUp" finished-at="2023-08-28T20:31:17 IST" duration-ms="2053" status="PASS">
          <reporter-output>
          </reporter-output>
        </test-method> <!-- setUp -->
        <test-method signature="paypalFromCheckoutPage()[pri:0, instance:com.providio.payments.tc__PaymentProccessByGCandPaypalGuestUser@1ddc6db2]" started-at="2023-08-28T20:31:17 IST" name="paypalFromCheckoutPage" finished-at="2023-08-28T20:37:33 IST" duration-ms="376027" status="PASS">
          <reporter-output>
          </reporter-output>
        </test-method> <!-- paypalFromCheckoutPage -->
        <test-method is-config="true" signature="afterMethod(org.testng.ITestResult)[pri:0, instance:com.providio.payments.tc__PaymentProccessByGCandPaypalGuestUser@1ddc6db2]" started-at="2023-08-28T20:37:33 IST" name="afterMethod" finished-at="2023-08-28T20:37:33 IST" duration-ms="9" status="PASS">
          <params>
            <param index="0">
              <value>
                <![CDATA[[TestResult name=paypalFromCheckoutPage status=SUCCESS method=tc__PaymentProccessByGCandPaypalGuestUser.paypalFromCheckoutPage()[pri:0, instance:com.providio.payments.tc__PaymentProccessByGCandPaypalGuestUser@1ddc6db2] output={null}]]]>
              </value>
            </param>
          </params>
          <reporter-output>
          </reporter-output>
        </test-method> <!-- afterMethod -->
        <test-method is-config="true" signature="tearDown()[pri:0, instance:com.providio.payments.tc__PaymentProccessByGCandPaypalGuestUser@1ddc6db2]" started-at="2023-08-28T20:37:33 IST" name="tearDown" finished-at="2023-08-28T20:37:46 IST" duration-ms="12613" status="PASS">
          <reporter-output>
          </reporter-output>
        </test-method> <!-- tearDown -->
      </class> <!-- com.providio.payments.tc__PaymentProccessByGCandPaypalGuestUser -->
    </test> <!-- Default test -->
  </suite> <!-- Default suite -->
</testng-results>
