<?xml version="1.0" encoding="UTF-8"?>
<testng-results ignored="0" total="1" passed="1" failed="0" skipped="0">
  <reporter-output>
  </reporter-output>
  <suite started-at="2023-09-01T20:12:35 IST" name="Default suite" finished-at="2023-09-01T20:14:51 IST" duration-ms="136305">
    <groups>
    </groups>
    <test started-at="2023-09-01T20:12:35 IST" name="Default test" finished-at="2023-09-01T20:14:51 IST" duration-ms="136305">
      <class name="com.providio.payments.tc__OrderByGc_GuestUser">
        <test-method is-config="true" signature="setUpforReport()[pri:0, instance:com.providio.payments.tc__OrderByGc_GuestUser@1ddc6db2]" started-at="2023-09-01T20:12:31 IST" name="setUpforReport" finished-at="2023-09-01T20:12:35 IST" duration-ms="3386" status="PASS">
          <reporter-output>
          </reporter-output>
        </test-method> <!-- setUpforReport -->
        <test-method is-config="true" signature="setUp()[pri:0, instance:com.providio.payments.tc__OrderByGc_GuestUser@1ddc6db2]" started-at="2023-09-01T20:12:35 IST" name="setUp" finished-at="2023-09-01T20:12:37 IST" duration-ms="2050" status="PASS">
          <reporter-output>
          </reporter-output>
        </test-method> <!-- setUp -->
        <test-method signature="paymentByGiftCardInGuestUser()[pri:0, instance:com.providio.payments.tc__OrderByGc_GuestUser@1ddc6db2]" started-at="2023-09-01T20:12:37 IST" name="paymentByGiftCardInGuestUser" finished-at="2023-09-01T20:14:51 IST" duration-ms="134198" status="PASS">
          <reporter-output>
          </reporter-output>
        </test-method> <!-- paymentByGiftCardInGuestUser -->
        <test-method is-config="true" signature="afterMethod(org.testng.ITestResult)[pri:0, instance:com.providio.payments.tc__OrderByGc_GuestUser@1ddc6db2]" started-at="2023-09-01T20:14:51 IST" name="afterMethod" finished-at="2023-09-01T20:14:51 IST" duration-ms="13" status="PASS">
          <params>
            <param index="0">
              <value>
                <![CDATA[[TestResult name=paymentByGiftCardInGuestUser status=SUCCESS method=tc__OrderByGc_GuestUser.paymentByGiftCardInGuestUser()[pri:0, instance:com.providio.payments.tc__OrderByGc_GuestUser@1ddc6db2] output={null}]]]>
              </value>
            </param>
          </params>
          <reporter-output>
          </reporter-output>
        </test-method> <!-- afterMethod -->
        <test-method is-config="true" signature="tearDown()[pri:0, instance:com.providio.payments.tc__OrderByGc_GuestUser@1ddc6db2]" started-at="2023-09-01T20:14:51 IST" name="tearDown" finished-at="2023-09-01T20:15:03 IST" duration-ms="11484" status="PASS">
          <reporter-output>
          </reporter-output>
        </test-method> <!-- tearDown -->
      </class> <!-- com.providio.payments.tc__OrderByGc_GuestUser -->
    </test> <!-- Default test -->
  </suite> <!-- Default suite -->
</testng-results>
