<?xml version="1.0" encoding="UTF-8"?>
<testng-results ignored="0" total="1" passed="1" failed="0" skipped="0">
  <reporter-output>
  </reporter-output>
  <suite started-at="2023-09-08T12:39:26 IST" name="Default suite" finished-at="2023-09-08T12:41:38 IST" duration-ms="132397">
    <groups>
    </groups>
    <test started-at="2023-09-08T12:39:26 IST" name="Default test" finished-at="2023-09-08T12:41:38 IST" duration-ms="132397">
      <class name="com.GuestUserWith_ViewCart_Paypal.tc__PickUpStore_Guest_InVC_Paypal">
        <test-method is-config="true" signature="setUpforReport()[pri:0, instance:com.GuestUserWith_ViewCart_Paypal.tc__PickUpStore_Guest_InVC_Paypal@1ddc6db2]" started-at="2023-09-08T12:39:23 IST" name="setUpforReport" finished-at="2023-09-08T12:39:26 IST" duration-ms="2419" status="PASS">
          <reporter-output>
          </reporter-output>
        </test-method> <!-- setUpforReport -->
        <test-method is-config="true" signature="setUp()[pri:0, instance:com.GuestUserWith_ViewCart_Paypal.tc__PickUpStore_Guest_InVC_Paypal@1ddc6db2]" started-at="2023-09-08T12:39:26 IST" name="setUp" finished-at="2023-09-08T12:39:28 IST" duration-ms="2051" status="PASS">
          <reporter-output>
          </reporter-output>
        </test-method> <!-- setUp -->
        <test-method signature="paypalFromCheckoutPage()[pri:0, instance:com.GuestUserWith_ViewCart_Paypal.tc__PickUpStore_Guest_InVC_Paypal@1ddc6db2]" started-at="2023-09-08T12:39:28 IST" name="paypalFromCheckoutPage" finished-at="2023-09-08T12:41:38 IST" duration-ms="130279" status="PASS">
          <reporter-output>
          </reporter-output>
        </test-method> <!-- paypalFromCheckoutPage -->
        <test-method is-config="true" signature="afterMethod(org.testng.ITestResult)[pri:0, instance:com.GuestUserWith_ViewCart_Paypal.tc__PickUpStore_Guest_InVC_Paypal@1ddc6db2]" started-at="2023-09-08T12:41:38 IST" name="afterMethod" finished-at="2023-09-08T12:41:38 IST" duration-ms="16" status="PASS">
          <params>
            <param index="0">
              <value>
                <![CDATA[[TestResult name=paypalFromCheckoutPage status=SUCCESS method=tc__PickUpStore_Guest_InVC_Paypal.paypalFromCheckoutPage()[pri:0, instance:com.GuestUserWith_ViewCart_Paypal.tc__PickUpStore_Guest_InVC_Paypal@1ddc6db2] output={null}]]]>
              </value>
            </param>
          </params>
          <reporter-output>
          </reporter-output>
        </test-method> <!-- afterMethod -->
        <test-method is-config="true" signature="tearDown()[pri:0, instance:com.GuestUserWith_ViewCart_Paypal.tc__PickUpStore_Guest_InVC_Paypal@1ddc6db2]" started-at="2023-09-08T12:41:38 IST" name="tearDown" finished-at="2023-09-08T12:41:49 IST" duration-ms="10762" status="PASS">
          <reporter-output>
          </reporter-output>
        </test-method> <!-- tearDown -->
      </class> <!-- com.GuestUserWith_ViewCart_Paypal.tc__PickUpStore_Guest_InVC_Paypal -->
    </test> <!-- Default test -->
  </suite> <!-- Default suite -->
</testng-results>
